<?xml version="1.0" encoding="UTF-8"?>
<testng-results skipped="0" failed="0" ignored="0" total="1" passed="1">
  <reporter-output>
  </reporter-output>
  <suite name="Default suite" duration-ms="7177" started-at="2021-07-09T21:19:23 CDT" finished-at="2021-07-09T21:19:30 CDT">
    <groups>
    </groups>
    <test name="Default test" duration-ms="7177" started-at="2021-07-09T21:19:23 CDT" finished-at="2021-07-09T21:19:30 CDT">
      <class name="ebay_DEMO.action_action">
        <test-method status="PASS" signature="actionss()[pri:0, instance:ebay_DEMO.action_action@1e965684]" name="actionss" duration-ms="7134" started-at="2021-07-09T21:19:23 CDT" finished-at="2021-07-09T21:19:30 CDT">
          <reporter-output>
          </reporter-output>
        </test-method> <!-- actionss -->
      </class> <!-- ebay_DEMO.action_action -->
    </test> <!-- Default test -->
  </suite> <!-- Default suite -->
</testng-results>
